{"D:\\Projekty\\aplikacje_Laravel\\laravel_e_commerce\\frontend\\src\\components\\Layout.jsx": {"path":"D:\\Projekty\\aplikacje_Laravel\\laravel_e_commerce\\frontend\\src\\components\\Layout.jsx","statementMap":{"0":{"start":{"line":5,"column":40},"end":{"line":5,"column":null}},"1":{"start":{"line":6,"column":8},"end":{"line":6,"column":null}},"2":{"start":{"line":8,"column":23},"end":{"line":11,"column":null}},"3":{"start":{"line":9,"column":4},"end":{"line":9,"column":null}},"4":{"start":{"line":10,"column":4},"end":{"line":10,"column":null}},"5":{"start":{"line":13,"column":2},"end":{"line":66,"column":null}}},"fnMap":{"0":{"name":"Layout","decl":{"start":{"line":4,"column":24},"end":{"line":4,"column":33}},"loc":{"start":{"line":4,"column":33},"end":{"line":68,"column":null}},"line":4},"1":{"name":"(anonymous_1)","decl":{"start":{"line":8,"column":23},"end":{"line":8,"column":29}},"loc":{"start":{"line":8,"column":29},"end":{"line":11,"column":null}},"line":8}},"branchMap":{"0":{"loc":{"start":{"line":28,"column":15},"end":{"line":54,"column":null}},"type":"cond-expr","locations":[{"start":{"line":29,"column":16},"end":{"line":42,"column":null}},{"start":{"line":44,"column":16},"end":{"line":54,"column":null}}],"line":28}},"s":{"0":6,"1":6,"2":6,"3":1,"4":1,"5":6},"f":{"0":6,"1":1},"b":{"0":[2,4]},"meta":{"lastBranch":1,"lastFunction":2,"lastStatement":6,"seen":{"f:4:24:4:33":0,"s:5:40:5:Infinity":0,"s:6:8:6:Infinity":1,"s:8:23:11:Infinity":2,"f:8:23:8:29":1,"s:9:4:9:Infinity":3,"s:10:4:10:Infinity":4,"s:13:2:66:Infinity":5,"b:29:16:42:Infinity:44:16:54:Infinity":0}}}
,"D:\\Projekty\\aplikacje_Laravel\\laravel_e_commerce\\frontend\\src\\context\\AuthContext.jsx": {"path":"D:\\Projekty\\aplikacje_Laravel\\laravel_e_commerce\\frontend\\src\\context\\AuthContext.jsx","statementMap":{"0":{"start":{"line":5,"column":13},"end":{"line":5,"column":null}},"1":{"start":{"line":8,"column":22},"end":{"line":8,"column":null}},"2":{"start":{"line":8,"column":41},"end":{"line":8,"column":91}},"3":{"start":{"line":9,"column":24},"end":{"line":9,"column":null}},"4":{"start":{"line":9,"column":43},"end":{"line":9,"column":72}},"5":{"start":{"line":10,"column":28},"end":{"line":10,"column":null}},"6":{"start":{"line":12,"column":2},"end":{"line":30,"column":null}},"7":{"start":{"line":13,"column":4},"end":{"line":28,"column":null}},"8":{"start":{"line":14,"column":6},"end":{"line":25,"column":null}},"9":{"start":{"line":16,"column":10},"end":{"line":16,"column":null}},"10":{"start":{"line":17,"column":10},"end":{"line":17,"column":null}},"11":{"start":{"line":20,"column":10},"end":{"line":20,"column":null}},"12":{"start":{"line":21,"column":10},"end":{"line":21,"column":null}},"13":{"start":{"line":22,"column":10},"end":{"line":22,"column":null}},"14":{"start":{"line":23,"column":10},"end":{"line":23,"column":null}},"15":{"start":{"line":25,"column":23},"end":{"line":25,"column":40}},"16":{"start":{"line":27,"column":6},"end":{"line":27,"column":null}},"17":{"start":{"line":27,"column":27},"end":{"line":27,"column":44}},"18":{"start":{"line":32,"column":16},"end":{"line":40,"column":null}},"19":{"start":{"line":33,"column":16},"end":{"line":33,"column":null}},"20":{"start":{"line":34,"column":34},"end":{"line":34,"column":null}},"21":{"start":{"line":35,"column":4},"end":{"line":35,"column":null}},"22":{"start":{"line":36,"column":4},"end":{"line":36,"column":null}},"23":{"start":{"line":37,"column":4},"end":{"line":37,"column":null}},"24":{"start":{"line":38,"column":4},"end":{"line":38,"column":null}},"25":{"start":{"line":39,"column":4},"end":{"line":39,"column":null}},"26":{"start":{"line":42,"column":19},"end":{"line":50,"column":null}},"27":{"start":{"line":43,"column":16},"end":{"line":43,"column":null}},"28":{"start":{"line":44,"column":34},"end":{"line":44,"column":null}},"29":{"start":{"line":45,"column":4},"end":{"line":45,"column":null}},"30":{"start":{"line":46,"column":4},"end":{"line":46,"column":null}},"31":{"start":{"line":47,"column":4},"end":{"line":47,"column":null}},"32":{"start":{"line":48,"column":4},"end":{"line":48,"column":null}},"33":{"start":{"line":49,"column":4},"end":{"line":49,"column":null}},"34":{"start":{"line":52,"column":17},"end":{"line":62,"column":null}},"35":{"start":{"line":53,"column":4},"end":{"line":57,"column":null}},"36":{"start":{"line":54,"column":6},"end":{"line":54,"column":null}},"37":{"start":{"line":58,"column":4},"end":{"line":58,"column":null}},"38":{"start":{"line":59,"column":4},"end":{"line":59,"column":null}},"39":{"start":{"line":60,"column":4},"end":{"line":60,"column":null}},"40":{"start":{"line":61,"column":4},"end":{"line":61,"column":null}},"41":{"start":{"line":64,"column":21},"end":{"line":67,"column":null}},"42":{"start":{"line":65,"column":4},"end":{"line":65,"column":null}},"43":{"start":{"line":66,"column":4},"end":{"line":66,"column":null}},"44":{"start":{"line":69,"column":16},"end":{"line":79,"column":null}},"45":{"start":{"line":81,"column":2},"end":{"line":81,"column":null}}},"fnMap":{"0":{"name":"AuthProvider","decl":{"start":{"line":7,"column":16},"end":{"line":7,"column":29}},"loc":{"start":{"line":7,"column":43},"end":{"line":82,"column":null}},"line":7},"1":{"name":"(anonymous_1)","decl":{"start":{"line":8,"column":35},"end":{"line":8,"column":41}},"loc":{"start":{"line":8,"column":41},"end":{"line":8,"column":91}},"line":8},"2":{"name":"(anonymous_2)","decl":{"start":{"line":9,"column":37},"end":{"line":9,"column":43}},"loc":{"start":{"line":9,"column":43},"end":{"line":9,"column":72}},"line":9},"3":{"name":"(anonymous_3)","decl":{"start":{"line":12,"column":12},"end":{"line":12,"column":18}},"loc":{"start":{"line":12,"column":18},"end":{"line":30,"column":5}},"line":12},"4":{"name":"(anonymous_4)","decl":{"start":{"line":15,"column":14},"end":{"line":15,"column":15}},"loc":{"start":{"line":15,"column":23},"end":{"line":18,"column":9}},"line":15},"5":{"name":"(anonymous_5)","decl":{"start":{"line":19,"column":15},"end":{"line":19,"column":21}},"loc":{"start":{"line":19,"column":21},"end":{"line":24,"column":9}},"line":19},"6":{"name":"(anonymous_6)","decl":{"start":{"line":25,"column":17},"end":{"line":25,"column":23}},"loc":{"start":{"line":25,"column":23},"end":{"line":25,"column":40}},"line":25},"7":{"name":"(anonymous_7)","decl":{"start":{"line":27,"column":21},"end":{"line":27,"column":27}},"loc":{"start":{"line":27,"column":27},"end":{"line":27,"column":44}},"line":27},"8":{"name":"(anonymous_8)","decl":{"start":{"line":32,"column":16},"end":{"line":32,"column":23}},"loc":{"start":{"line":32,"column":43},"end":{"line":40,"column":null}},"line":32},"9":{"name":"(anonymous_9)","decl":{"start":{"line":42,"column":19},"end":{"line":42,"column":26}},"loc":{"start":{"line":42,"column":35},"end":{"line":50,"column":null}},"line":42},"10":{"name":"(anonymous_10)","decl":{"start":{"line":52,"column":17},"end":{"line":52,"column":29}},"loc":{"start":{"line":52,"column":29},"end":{"line":62,"column":null}},"line":52},"11":{"name":"(anonymous_11)","decl":{"start":{"line":64,"column":21},"end":{"line":64,"column":22}},"loc":{"start":{"line":64,"column":35},"end":{"line":67,"column":null}},"line":64}},"branchMap":{"0":{"loc":{"start":{"line":8,"column":52},"end":{"line":8,"column":90}},"type":"binary-expr","locations":[{"start":{"line":8,"column":52},"end":{"line":8,"column":84}},{"start":{"line":8,"column":84},"end":{"line":8,"column":90}}],"line":8},"1":{"loc":{"start":{"line":13,"column":4},"end":{"line":28,"column":null}},"type":"if","locations":[{"start":{"line":13,"column":4},"end":{"line":28,"column":null}},{"start":{"line":26,"column":11},"end":{"line":28,"column":null}}],"line":13},"2":{"loc":{"start":{"line":13,"column":8},"end":{"line":13,"column":24}},"type":"binary-expr","locations":[{"start":{"line":13,"column":8},"end":{"line":13,"column":17}},{"start":{"line":13,"column":17},"end":{"line":13,"column":24}}],"line":13}},"s":{"0":2,"1":28,"2":10,"3":28,"4":10,"5":28,"6":28,"7":15,"8":2,"9":1,"10":1,"11":1,"12":1,"13":1,"14":1,"15":2,"16":13,"17":13,"18":28,"19":1,"20":1,"21":1,"22":1,"23":1,"24":1,"25":1,"26":28,"27":1,"28":1,"29":1,"30":1,"31":1,"32":1,"33":1,"34":28,"35":2,"36":2,"37":2,"38":2,"39":2,"40":2,"41":28,"42":1,"43":1,"44":28,"45":28},"f":{"0":28,"1":10,"2":10,"3":15,"4":1,"5":1,"6":2,"7":13,"8":1,"9":1,"10":2,"11":1},"b":{"0":[10,6],"1":[2,13],"2":[15,8]},"meta":{"lastBranch":3,"lastFunction":12,"lastStatement":46,"seen":{"s:5:13:5:Infinity":0,"f:7:16:7:29":0,"s:8:22:8:Infinity":1,"f:8:35:8:41":1,"s:8:41:8:91":2,"b:8:52:8:84:8:84:8:90":0,"s:9:24:9:Infinity":3,"f:9:37:9:43":2,"s:9:43:9:72":4,"s:10:28:10:Infinity":5,"s:12:2:30:Infinity":6,"f:12:12:12:18":3,"b:13:4:28:Infinity:26:11:28:Infinity":1,"s:13:4:28:Infinity":7,"b:13:8:13:17:13:17:13:24":2,"s:14:6:25:Infinity":8,"f:15:14:15:15":4,"s:16:10:16:Infinity":9,"s:17:10:17:Infinity":10,"f:19:15:19:21":5,"s:20:10:20:Infinity":11,"s:21:10:21:Infinity":12,"s:22:10:22:Infinity":13,"s:23:10:23:Infinity":14,"f:25:17:25:23":6,"s:25:23:25:40":15,"s:27:6:27:Infinity":16,"f:27:21:27:27":7,"s:27:27:27:44":17,"s:32:16:40:Infinity":18,"f:32:16:32:23":8,"s:33:16:33:Infinity":19,"s:34:34:34:Infinity":20,"s:35:4:35:Infinity":21,"s:36:4:36:Infinity":22,"s:37:4:37:Infinity":23,"s:38:4:38:Infinity":24,"s:39:4:39:Infinity":25,"s:42:19:50:Infinity":26,"f:42:19:42:26":9,"s:43:16:43:Infinity":27,"s:44:34:44:Infinity":28,"s:45:4:45:Infinity":29,"s:46:4:46:Infinity":30,"s:47:4:47:Infinity":31,"s:48:4:48:Infinity":32,"s:49:4:49:Infinity":33,"s:52:17:62:Infinity":34,"f:52:17:52:29":10,"s:53:4:57:Infinity":35,"s:54:6:54:Infinity":36,"s:58:4:58:Infinity":37,"s:59:4:59:Infinity":38,"s:60:4:60:Infinity":39,"s:61:4:61:Infinity":40,"s:64:21:67:Infinity":41,"f:64:21:64:22":11,"s:65:4:65:Infinity":42,"s:66:4:66:Infinity":43,"s:69:16:79:Infinity":44,"s:81:2:81:Infinity":45}}}
,"D:\\Projekty\\aplikacje_Laravel\\laravel_e_commerce\\frontend\\src\\hooks\\useAuth.js": {"path":"D:\\Projekty\\aplikacje_Laravel\\laravel_e_commerce\\frontend\\src\\hooks\\useAuth.js","statementMap":{"0":{"start":{"line":5,"column":13},"end":{"line":5,"column":37}},"1":{"start":{"line":6,"column":2},"end":{"line":6,"column":72}},"2":{"start":{"line":6,"column":12},"end":{"line":6,"column":72}},"3":{"start":{"line":7,"column":2},"end":{"line":7,"column":13}}},"fnMap":{"0":{"name":"useAuth","decl":{"start":{"line":4,"column":16},"end":{"line":4,"column":23}},"loc":{"start":{"line":4,"column":26},"end":{"line":8,"column":1}},"line":4}},"branchMap":{"0":{"loc":{"start":{"line":6,"column":2},"end":{"line":6,"column":72}},"type":"if","locations":[{"start":{"line":6,"column":2},"end":{"line":6,"column":72}},{"start":{},"end":{}}],"line":6}},"s":{"0":4,"1":4,"2":2,"3":1},"f":{"0":4},"b":{"0":[2,2]},"meta":{"lastBranch":1,"lastFunction":1,"lastStatement":4,"seen":{"f:4:16:4:23":0,"s:5:13:5:37":0,"b:6:2:6:72:undefined:undefined:undefined:undefined":0,"s:6:2:6:72":1,"s:6:12:6:72":2,"s:7:2:7:13":3}}}
,"D:\\Projekty\\aplikacje_Laravel\\laravel_e_commerce\\frontend\\src\\lib\\api.js": {"path":"D:\\Projekty\\aplikacje_Laravel\\laravel_e_commerce\\frontend\\src\\lib\\api.js","statementMap":{"0":{"start":{"line":3,"column":17},"end":{"line":3,"column":118}},"1":{"start":{"line":4,"column":21},"end":{"line":4,"column":89}},"2":{"start":{"line":6,"column":12},"end":{"line":13,"column":2}},"3":{"start":{"line":15,"column":0},"end":{"line":21,"column":3}},"4":{"start":{"line":16,"column":16},"end":{"line":16,"column":45}},"5":{"start":{"line":17,"column":2},"end":{"line":19,"column":3}},"6":{"start":{"line":18,"column":4},"end":{"line":18,"column":53}},"7":{"start":{"line":20,"column":2},"end":{"line":20,"column":16}},"8":{"start":{"line":23,"column":0},"end":{"line":33,"column":2}},"9":{"start":{"line":24,"column":16},"end":{"line":24,"column":24}},"10":{"start":{"line":26,"column":4},"end":{"line":30,"column":5}},"11":{"start":{"line":27,"column":6},"end":{"line":27,"column":39}},"12":{"start":{"line":28,"column":6},"end":{"line":28,"column":38}},"13":{"start":{"line":29,"column":6},"end":{"line":29,"column":38}},"14":{"start":{"line":31,"column":4},"end":{"line":31,"column":33}},"15":{"start":{"line":36,"column":23},"end":{"line":43,"column":1}},"16":{"start":{"line":37,"column":22},"end":{"line":37,"column":54}},"17":{"start":{"line":38,"column":19},"end":{"line":38,"column":48}},"18":{"start":{"line":39,"column":16},"end":{"line":39,"column":40}},"19":{"start":{"line":40,"column":14},"end":{"line":40,"column":30}},"20":{"start":{"line":41,"column":27},"end":{"line":41,"column":49}},"21":{"start":{"line":42,"column":24},"end":{"line":42,"column":89}},"22":{"start":{"line":46,"column":27},"end":{"line":49,"column":1}},"23":{"start":{"line":47,"column":20},"end":{"line":47,"column":52}},"24":{"start":{"line":48,"column":15},"end":{"line":48,"column":41}},"25":{"start":{"line":52,"column":23},"end":{"line":58,"column":1}},"26":{"start":{"line":53,"column":13},"end":{"line":53,"column":29}},"27":{"start":{"line":54,"column":36},"end":{"line":54,"column":96}},"28":{"start":{"line":55,"column":36},"end":{"line":55,"column":82}},"29":{"start":{"line":56,"column":26},"end":{"line":56,"column":61}},"30":{"start":{"line":57,"column":15},"end":{"line":57,"column":34}},"31":{"start":{"line":61,"column":25},"end":{"line":67,"column":1}},"32":{"start":{"line":62,"column":20},"end":{"line":62,"column":50}},"33":{"start":{"line":63,"column":15},"end":{"line":63,"column":39}},"34":{"start":{"line":64,"column":20},"end":{"line":64,"column":45}},"35":{"start":{"line":66,"column":4},"end":{"line":66,"column":73}},"36":{"start":{"line":70,"column":26},"end":{"line":74,"column":1}},"37":{"start":{"line":71,"column":14},"end":{"line":71,"column":33}},"38":{"start":{"line":72,"column":17},"end":{"line":72,"column":44}},"39":{"start":{"line":73,"column":30},"end":{"line":73,"column":77}}},"fnMap":{"0":{"name":"(anonymous_0)","decl":{"start":{"line":15,"column":29},"end":{"line":15,"column":30}},"loc":{"start":{"line":15,"column":41},"end":{"line":21,"column":1}},"line":15},"1":{"name":"(anonymous_1)","decl":{"start":{"line":24,"column":2},"end":{"line":24,"column":3}},"loc":{"start":{"line":24,"column":16},"end":{"line":24,"column":24}},"line":24},"2":{"name":"(anonymous_2)","decl":{"start":{"line":25,"column":2},"end":{"line":25,"column":3}},"loc":{"start":{"line":25,"column":13},"end":{"line":32,"column":3}},"line":25},"3":{"name":"(anonymous_3)","decl":{"start":{"line":37,"column":12},"end":{"line":37,"column":13}},"loc":{"start":{"line":37,"column":22},"end":{"line":37,"column":54}},"line":37},"4":{"name":"(anonymous_4)","decl":{"start":{"line":38,"column":9},"end":{"line":38,"column":10}},"loc":{"start":{"line":38,"column":19},"end":{"line":38,"column":48}},"line":38},"5":{"name":"(anonymous_5)","decl":{"start":{"line":39,"column":10},"end":{"line":39,"column":11}},"loc":{"start":{"line":39,"column":16},"end":{"line":39,"column":40}},"line":39},"6":{"name":"(anonymous_6)","decl":{"start":{"line":40,"column":8},"end":{"line":40,"column":9}},"loc":{"start":{"line":40,"column":14},"end":{"line":40,"column":30}},"line":40},"7":{"name":"(anonymous_7)","decl":{"start":{"line":41,"column":17},"end":{"line":41,"column":18}},"loc":{"start":{"line":41,"column":27},"end":{"line":41,"column":49}},"line":41},"8":{"name":"(anonymous_8)","decl":{"start":{"line":42,"column":18},"end":{"line":42,"column":19}},"loc":{"start":{"line":42,"column":24},"end":{"line":42,"column":89}},"line":42},"9":{"name":"(anonymous_9)","decl":{"start":{"line":47,"column":8},"end":{"line":47,"column":9}},"loc":{"start":{"line":47,"column":20},"end":{"line":47,"column":52}},"line":47},"10":{"name":"(anonymous_10)","decl":{"start":{"line":48,"column":7},"end":{"line":48,"column":8}},"loc":{"start":{"line":48,"column":15},"end":{"line":48,"column":41}},"line":48},"11":{"name":"(anonymous_11)","decl":{"start":{"line":53,"column":7},"end":{"line":53,"column":8}},"loc":{"start":{"line":53,"column":13},"end":{"line":53,"column":29}},"line":53},"12":{"name":"(anonymous_12)","decl":{"start":{"line":54,"column":11},"end":{"line":54,"column":12}},"loc":{"start":{"line":54,"column":36},"end":{"line":54,"column":96}},"line":54},"13":{"name":"(anonymous_13)","decl":{"start":{"line":55,"column":14},"end":{"line":55,"column":15}},"loc":{"start":{"line":55,"column":36},"end":{"line":55,"column":82}},"line":55},"14":{"name":"(anonymous_14)","decl":{"start":{"line":56,"column":14},"end":{"line":56,"column":15}},"loc":{"start":{"line":56,"column":26},"end":{"line":56,"column":61}},"line":56},"15":{"name":"(anonymous_15)","decl":{"start":{"line":57,"column":9},"end":{"line":57,"column":10}},"loc":{"start":{"line":57,"column":15},"end":{"line":57,"column":34}},"line":57},"16":{"name":"(anonymous_16)","decl":{"start":{"line":62,"column":8},"end":{"line":62,"column":9}},"loc":{"start":{"line":62,"column":20},"end":{"line":62,"column":50}},"line":62},"17":{"name":"(anonymous_17)","decl":{"start":{"line":63,"column":7},"end":{"line":63,"column":8}},"loc":{"start":{"line":63,"column":15},"end":{"line":63,"column":39}},"line":63},"18":{"name":"(anonymous_18)","decl":{"start":{"line":64,"column":10},"end":{"line":64,"column":11}},"loc":{"start":{"line":64,"column":20},"end":{"line":64,"column":45}},"line":64},"19":{"name":"(anonymous_19)","decl":{"start":{"line":65,"column":19},"end":{"line":65,"column":20}},"loc":{"start":{"line":66,"column":4},"end":{"line":66,"column":73}},"line":66},"20":{"name":"(anonymous_20)","decl":{"start":{"line":71,"column":8},"end":{"line":71,"column":9}},"loc":{"start":{"line":71,"column":14},"end":{"line":71,"column":33}},"line":71},"21":{"name":"(anonymous_21)","decl":{"start":{"line":72,"column":7},"end":{"line":72,"column":8}},"loc":{"start":{"line":72,"column":17},"end":{"line":72,"column":44}},"line":72},"22":{"name":"(anonymous_22)","decl":{"start":{"line":73,"column":12},"end":{"line":73,"column":13}},"loc":{"start":{"line":73,"column":30},"end":{"line":73,"column":77}},"line":73}},"branchMap":{"0":{"loc":{"start":{"line":3,"column":17},"end":{"line":3,"column":118}},"type":"binary-expr","locations":[{"start":{"line":3,"column":17},"end":{"line":3,"column":45}},{"start":{"line":3,"column":50},"end":{"line":3,"column":117}}],"line":3},"1":{"loc":{"start":{"line":3,"column":50},"end":{"line":3,"column":117}},"type":"cond-expr","locations":[{"start":{"line":3,"column":72},"end":{"line":3,"column":78}},{"start":{"line":3,"column":81},"end":{"line":3,"column":117}}],"line":3},"2":{"loc":{"start":{"line":4,"column":21},"end":{"line":4,"column":89}},"type":"binary-expr","locations":[{"start":{"line":4,"column":21},"end":{"line":4,"column":53}},{"start":{"line":4,"column":57},"end":{"line":4,"column":89}}],"line":4},"3":{"loc":{"start":{"line":17,"column":2},"end":{"line":19,"column":3}},"type":"if","locations":[{"start":{"line":17,"column":2},"end":{"line":19,"column":3}},{"start":{},"end":{}}],"line":17},"4":{"loc":{"start":{"line":26,"column":4},"end":{"line":30,"column":5}},"type":"if","locations":[{"start":{"line":26,"column":4},"end":{"line":30,"column":5}},{"start":{},"end":{}}],"line":26}},"s":{"0":2,"1":2,"2":2,"3":2,"4":0,"5":0,"6":0,"7":0,"8":2,"9":0,"10":0,"11":0,"12":0,"13":0,"14":0,"15":2,"16":1,"17":0,"18":0,"19":0,"20":0,"21":0,"22":2,"23":1,"24":1,"25":2,"26":0,"27":1,"28":0,"29":0,"30":0,"31":2,"32":0,"33":0,"34":1,"35":0,"36":2,"37":0,"38":0,"39":1},"f":{"0":0,"1":0,"2":0,"3":1,"4":0,"5":0,"6":0,"7":0,"8":0,"9":1,"10":1,"11":0,"12":1,"13":0,"14":0,"15":0,"16":0,"17":0,"18":1,"19":0,"20":0,"21":0,"22":1},"b":{"0":[2,2],"1":[2,0],"2":[2,2],"3":[0,0],"4":[0,0]},"meta":{"lastBranch":5,"lastFunction":23,"lastStatement":40,"seen":{"s:3:17:3:118":0,"b:3:17:3:45:3:50:3:117":0,"b:3:72:3:78:3:81:3:117":1,"s:4:21:4:89":1,"b:4:21:4:53:4:57:4:89":2,"s:6:12:13:2":2,"s:15:0:21:3":3,"f:15:29:15:30":0,"s:16:16:16:45":4,"b:17:2:19:3:undefined:undefined:undefined:undefined":3,"s:17:2:19:3":5,"s:18:4:18:53":6,"s:20:2:20:16":7,"s:23:0:33:2":8,"f:24:2:24:3":1,"s:24:16:24:24":9,"f:25:2:25:3":2,"b:26:4:30:5:undefined:undefined:undefined:undefined":4,"s:26:4:30:5":10,"s:27:6:27:39":11,"s:28:6:28:38":12,"s:29:6:29:38":13,"s:31:4:31:33":14,"s:36:23:43:1":15,"f:37:12:37:13":3,"s:37:22:37:54":16,"f:38:9:38:10":4,"s:38:19:38:48":17,"f:39:10:39:11":5,"s:39:16:39:40":18,"f:40:8:40:9":6,"s:40:14:40:30":19,"f:41:17:41:18":7,"s:41:27:41:49":20,"f:42:18:42:19":8,"s:42:24:42:89":21,"s:46:27:49:1":22,"f:47:8:47:9":9,"s:47:20:47:52":23,"f:48:7:48:8":10,"s:48:15:48:41":24,"s:52:23:58:1":25,"f:53:7:53:8":11,"s:53:13:53:29":26,"f:54:11:54:12":12,"s:54:36:54:96":27,"f:55:14:55:15":13,"s:55:36:55:82":28,"f:56:14:56:15":14,"s:56:26:56:61":29,"f:57:9:57:10":15,"s:57:15:57:34":30,"s:61:25:67:1":31,"f:62:8:62:9":16,"s:62:20:62:50":32,"f:63:7:63:8":17,"s:63:15:63:39":33,"f:64:10:64:11":18,"s:64:20:64:45":34,"f:65:19:65:20":19,"s:66:4:66:73":35,"s:70:26:74:1":36,"f:71:8:71:9":20,"s:71:14:71:33":37,"f:72:7:72:8":21,"s:72:17:72:44":38,"f:73:12:73:13":22,"s:73:30:73:77":39}}}
,"D:\\Projekty\\aplikacje_Laravel\\laravel_e_commerce\\frontend\\src\\pages\\Login.jsx": {"path":"D:\\Projekty\\aplikacje_Laravel\\laravel_e_commerce\\frontend\\src\\pages\\Login.jsx","statementMap":{"0":{"start":{"line":7,"column":38},"end":{"line":7,"column":null}},"1":{"start":{"line":8,"column":24},"end":{"line":8,"column":null}},"2":{"start":{"line":9,"column":30},"end":{"line":9,"column":null}},"3":{"start":{"line":10,"column":24},"end":{"line":10,"column":null}},"4":{"start":{"line":11,"column":28},"end":{"line":11,"column":null}},"5":{"start":{"line":12,"column":29},"end":{"line":12,"column":null}},"6":{"start":{"line":13,"column":8},"end":{"line":13,"column":null}},"7":{"start":{"line":16,"column":2},"end":{"line":35,"column":null}},"8":{"start":{"line":17,"column":18},"end":{"line":17,"column":null}},"9":{"start":{"line":18,"column":22},"end":{"line":18,"column":null}},"10":{"start":{"line":19,"column":4},"end":{"line":34,"column":null}},"11":{"start":{"line":20,"column":6},"end":{"line":20,"column":null}},"12":{"start":{"line":21,"column":6},"end":{"line":21,"column":null}},"13":{"start":{"line":22,"column":4},"end":{"line":34,"column":null}},"14":{"start":{"line":23,"column":6},"end":{"line":23,"column":null}},"15":{"start":{"line":24,"column":6},"end":{"line":33,"column":null}},"16":{"start":{"line":26,"column":10},"end":{"line":26,"column":null}},"17":{"start":{"line":27,"column":10},"end":{"line":27,"column":null}},"18":{"start":{"line":28,"column":10},"end":{"line":28,"column":null}},"19":{"start":{"line":31,"column":10},"end":{"line":31,"column":null}},"20":{"start":{"line":32,"column":10},"end":{"line":32,"column":null}},"21":{"start":{"line":37,"column":23},"end":{"line":49,"column":null}},"22":{"start":{"line":38,"column":4},"end":{"line":38,"column":null}},"23":{"start":{"line":39,"column":4},"end":{"line":39,"column":null}},"24":{"start":{"line":40,"column":4},"end":{"line":40,"column":null}},"25":{"start":{"line":41,"column":4},"end":{"line":48,"column":null}},"26":{"start":{"line":42,"column":6},"end":{"line":42,"column":null}},"27":{"start":{"line":43,"column":6},"end":{"line":43,"column":null}},"28":{"start":{"line":45,"column":6},"end":{"line":45,"column":null}},"29":{"start":{"line":47,"column":6},"end":{"line":47,"column":null}},"30":{"start":{"line":51,"column":2},"end":{"line":107,"column":null}},"31":{"start":{"line":65,"column":29},"end":{"line":65,"column":null}},"32":{"start":{"line":75,"column":29},"end":{"line":75,"column":null}}},"fnMap":{"0":{"name":"Login","decl":{"start":{"line":6,"column":24},"end":{"line":6,"column":32}},"loc":{"start":{"line":6,"column":32},"end":{"line":109,"column":null}},"line":6},"1":{"name":"(anonymous_1)","decl":{"start":{"line":16,"column":12},"end":{"line":16,"column":18}},"loc":{"start":{"line":16,"column":18},"end":{"line":35,"column":5}},"line":16},"2":{"name":"(anonymous_2)","decl":{"start":{"line":25,"column":14},"end":{"line":25,"column":15}},"loc":{"start":{"line":25,"column":23},"end":{"line":29,"column":9}},"line":25},"3":{"name":"(anonymous_3)","decl":{"start":{"line":30,"column":15},"end":{"line":30,"column":21}},"loc":{"start":{"line":30,"column":21},"end":{"line":33,"column":9}},"line":30},"4":{"name":"(anonymous_4)","decl":{"start":{"line":37,"column":23},"end":{"line":37,"column":30}},"loc":{"start":{"line":37,"column":36},"end":{"line":49,"column":null}},"line":37},"5":{"name":"(anonymous_5)","decl":{"start":{"line":65,"column":22},"end":{"line":65,"column":23}},"loc":{"start":{"line":65,"column":29},"end":{"line":65,"column":null}},"line":65},"6":{"name":"(anonymous_6)","decl":{"start":{"line":75,"column":22},"end":{"line":75,"column":23}},"loc":{"start":{"line":75,"column":29},"end":{"line":75,"column":null}},"line":75}},"branchMap":{"0":{"loc":{"start":{"line":19,"column":4},"end":{"line":34,"column":null}},"type":"if","locations":[{"start":{"line":19,"column":4},"end":{"line":34,"column":null}},{"start":{"line":22,"column":4},"end":{"line":34,"column":null}}],"line":19},"1":{"loc":{"start":{"line":22,"column":4},"end":{"line":34,"column":null}},"type":"if","locations":[{"start":{"line":22,"column":4},"end":{"line":34,"column":null}},{"start":{},"end":{}}],"line":22},"2":{"loc":{"start":{"line":45,"column":15},"end":{"line":45,"column":77}},"type":"binary-expr","locations":[{"start":{"line":45,"column":15},"end":{"line":45,"column":46}},{"start":{"line":45,"column":46},"end":{"line":45,"column":77}}],"line":45},"3":{"loc":{"start":{"line":55,"column":9},"end":{"line":58,"column":null}},"type":"binary-expr","locations":[{"start":{"line":55,"column":9},"end":{"line":55,"column":null}},{"start":{"line":56,"column":10},"end":{"line":58,"column":null}}],"line":55},"4":{"loc":{"start":{"line":85,"column":11},"end":{"line":85,"column":null}},"type":"cond-expr","locations":[{"start":{"line":85,"column":21},"end":{"line":85,"column":38}},{"start":{"line":85,"column":38},"end":{"line":85,"column":null}}],"line":85}},"s":{"0":186,"1":186,"2":186,"3":186,"4":186,"5":186,"6":186,"7":186,"8":12,"9":12,"10":12,"11":1,"12":1,"13":11,"14":1,"15":1,"16":1,"17":1,"18":1,"19":0,"20":0,"21":186,"22":5,"23":5,"24":5,"25":5,"26":5,"27":3,"28":2,"29":5,"30":186,"31":96,"32":68},"f":{"0":186,"1":12,"2":1,"3":0,"4":5,"5":96,"6":68},"b":{"0":[1,11],"1":[1,10],"2":[2,1],"3":[186,3],"4":[5,181]},"meta":{"lastBranch":5,"lastFunction":7,"lastStatement":33,"seen":{"f:6:24:6:32":0,"s:7:38:7:Infinity":0,"s:8:24:8:Infinity":1,"s:9:30:9:Infinity":2,"s:10:24:10:Infinity":3,"s:11:28:11:Infinity":4,"s:12:29:12:Infinity":5,"s:13:8:13:Infinity":6,"s:16:2:35:Infinity":7,"f:16:12:16:18":1,"s:17:18:17:Infinity":8,"s:18:22:18:Infinity":9,"b:19:4:34:Infinity:22:4:34:Infinity":0,"s:19:4:34:Infinity":10,"s:20:6:20:Infinity":11,"s:21:6:21:Infinity":12,"b:22:4:34:Infinity:undefined:undefined:undefined:undefined":1,"s:22:4:34:Infinity":13,"s:23:6:23:Infinity":14,"s:24:6:33:Infinity":15,"f:25:14:25:15":2,"s:26:10:26:Infinity":16,"s:27:10:27:Infinity":17,"s:28:10:28:Infinity":18,"f:30:15:30:21":3,"s:31:10:31:Infinity":19,"s:32:10:32:Infinity":20,"s:37:23:49:Infinity":21,"f:37:23:37:30":4,"s:38:4:38:Infinity":22,"s:39:4:39:Infinity":23,"s:40:4:40:Infinity":24,"s:41:4:48:Infinity":25,"s:42:6:42:Infinity":26,"s:43:6:43:Infinity":27,"s:45:6:45:Infinity":28,"b:45:15:45:46:45:46:45:77":2,"s:47:6:47:Infinity":29,"s:51:2:107:Infinity":30,"b:55:9:55:Infinity:56:10:58:Infinity":3,"f:65:22:65:23":5,"s:65:29:65:Infinity":31,"f:75:22:75:23":6,"s:75:29:75:Infinity":32,"b:85:21:85:38:85:38:85:Infinity":4}}}
}
